{
  "/home/amwebexpert/git/perso/etoolbox/src/services/utils.ts": {
    "path": "/home/amwebexpert/git/perso/etoolbox/src/services/utils.ts",
    "statementMap": {
      "0": {
        "start": {
          "line": 4,
          "column": 2
        },
        "end": {
          "line": 4,
          "column": 74
        }
      },
      "1": {
        "start": {
          "line": 8,
          "column": 2
        },
        "end": {
          "line": 8,
          "column": 60
        }
      },
      "2": {
        "start": {
          "line": 11,
          "column": 36
        },
        "end": {
          "line": 11,
          "column": 74
        }
      }
    },
    "fnMap": {
      "0": {
        "name": "getBuildUTCDate",
        "decl": {
          "start": {
            "line": 3,
            "column": 16
          },
          "end": {
            "line": 3,
            "column": 31
          }
        },
        "loc": {
          "start": {
            "line": 3,
            "column": 34
          },
          "end": {
            "line": 5,
            "column": 1
          }
        },
        "line": 3
      },
      "1": {
        "name": "getBuildUTCTimestamp",
        "decl": {
          "start": {
            "line": 7,
            "column": 16
          },
          "end": {
            "line": 7,
            "column": 36
          }
        },
        "loc": {
          "start": {
            "line": 7,
            "column": 39
          },
          "end": {
            "line": 9,
            "column": 1
          }
        },
        "line": 7
      }
    },
    "branchMap": {},
    "s": {
      "0": 51,
      "1": 6,
      "2": 51
    },
    "f": {
      "0": 51,
      "1": 6
    },
    "b": {},
    "_coverageSchema": "1a1c01bbd47fc00a2c39e90264f33305004495a9",
    "hash": "3b2a477308dc5f1c1ff6904399a6004d9b520ec3"
  },
  "/home/amwebexpert/git/perso/etoolbox/src/wdyr.ts": {
    "path": "/home/amwebexpert/git/perso/etoolbox/src/wdyr.ts",
    "statementMap": {
      "0": {
        "start": {
          "line": 7,
          "column": 0
        },
        "end": {
          "line": 12,
          "column": 1
        }
      },
      "1": {
        "start": {
          "line": 8,
          "column": 26
        },
        "end": {
          "line": 8,
          "column": 74
        }
      },
      "2": {
        "start": {
          "line": 9,
          "column": 2
        },
        "end": {
          "line": 11,
          "column": 5
        }
      }
    },
    "fnMap": {},
    "branchMap": {
      "0": {
        "loc": {
          "start": {
            "line": 7,
            "column": 0
          },
          "end": {
            "line": 12,
            "column": 1
          }
        },
        "type": "if",
        "locations": [
          {
            "start": {
              "line": 7,
              "column": 0
            },
            "end": {
              "line": 12,
              "column": 1
            }
          },
          {
            "start": {
              "line": 7,
              "column": 0
            },
            "end": {
              "line": 12,
              "column": 1
            }
          }
        ],
        "line": 7
      }
    },
    "s": {
      "0": 51,
      "1": 51,
      "2": 51
    },
    "f": {},
    "b": {
      "0": [
        51,
        0
      ]
    },
    "_coverageSchema": "1a1c01bbd47fc00a2c39e90264f33305004495a9",
    "hash": "bc73225baf214e96f0e7dab7b75f287fbe880748"
  },
  "/home/amwebexpert/git/perso/etoolbox/src/constants.ts": {
    "path": "/home/amwebexpert/git/perso/etoolbox/src/constants.ts",
    "statementMap": {
      "0": {
        "start": {
          "line": 1,
          "column": 21
        },
        "end": {
          "line": 1,
          "column": 29
        }
      },
      "1": {
        "start": {
          "line": 3,
          "column": 28
        },
        "end": {
          "line": 3,
          "column": 31
        }
      }
    },
    "fnMap": {},
    "branchMap": {},
    "s": {
      "0": 51,
      "1": 51
    },
    "f": {},
    "b": {},
    "_coverageSchema": "1a1c01bbd47fc00a2c39e90264f33305004495a9",
    "hash": "868fa712cd171e0ec05f494cf33d94bffee8684d"
  },
  "/home/amwebexpert/git/perso/etoolbox/src/theme.tsx": {
    "path": "/home/amwebexpert/git/perso/etoolbox/src/theme.tsx",
    "statementMap": {
      "0": {
        "start": {
          "line": 13,
          "column": 26
        },
        "end": {
          "line": 28,
          "column": 2
        }
      },
      "1": {
        "start": {
          "line": 30,
          "column": 25
        },
        "end": {
          "line": 45,
          "column": 2
        }
      },
      "2": {
        "start": {
          "line": 50,
          "column": 16
        },
        "end": {
          "line": 50,
          "column": 26
        }
      },
      "3": {
        "start": {
          "line": 51,
          "column": 2
        },
        "end": {
          "line": 51,
          "column": 57
        }
      },
      "4": {
        "start": {
          "line": 55,
          "column": 16
        },
        "end": {
          "line": 55,
          "column": 26
        }
      },
      "5": {
        "start": {
          "line": 56,
          "column": 2
        },
        "end": {
          "line": 56,
          "column": 59
        }
      },
      "6": {
        "start": {
          "line": 60,
          "column": 16
        },
        "end": {
          "line": 60,
          "column": 26
        }
      },
      "7": {
        "start": {
          "line": 61,
          "column": 17
        },
        "end": {
          "line": 67,
          "column": 3
        }
      },
      "8": {
        "start": {
          "line": 69,
          "column": 2
        },
        "end": {
          "line": 79,
          "column": 3
        }
      },
      "9": {
        "start": {
          "line": 70,
          "column": 4
        },
        "end": {
          "line": 70,
          "column": 16
        }
      },
      "10": {
        "start": {
          "line": 71,
          "column": 9
        },
        "end": {
          "line": 79,
          "column": 3
        }
      },
      "11": {
        "start": {
          "line": 72,
          "column": 4
        },
        "end": {
          "line": 72,
          "column": 16
        }
      },
      "12": {
        "start": {
          "line": 73,
          "column": 9
        },
        "end": {
          "line": 79,
          "column": 3
        }
      },
      "13": {
        "start": {
          "line": 74,
          "column": 4
        },
        "end": {
          "line": 74,
          "column": 16
        }
      },
      "14": {
        "start": {
          "line": 75,
          "column": 9
        },
        "end": {
          "line": 79,
          "column": 3
        }
      },
      "15": {
        "start": {
          "line": 76,
          "column": 4
        },
        "end": {
          "line": 76,
          "column": 16
        }
      },
      "16": {
        "start": {
          "line": 78,
          "column": 4
        },
        "end": {
          "line": 78,
          "column": 16
        }
      }
    },
    "fnMap": {
      "0": {
        "name": "useIsWidthUp",
        "decl": {
          "start": {
            "line": 49,
            "column": 16
          },
          "end": {
            "line": 49,
            "column": 28
          }
        },
        "loc": {
          "start": {
            "line": 49,
            "column": 53
          },
          "end": {
            "line": 52,
            "column": 1
          }
        },
        "line": 49
      },
      "1": {
        "name": "useIsWidthDown",
        "decl": {
          "start": {
            "line": 54,
            "column": 16
          },
          "end": {
            "line": 54,
            "column": 30
          }
        },
        "loc": {
          "start": {
            "line": 54,
            "column": 55
          },
          "end": {
            "line": 57,
            "column": 1
          }
        },
        "line": 54
      },
      "2": {
        "name": "useGetBreakpoint",
        "decl": {
          "start": {
            "line": 59,
            "column": 16
          },
          "end": {
            "line": 59,
            "column": 32
          }
        },
        "loc": {
          "start": {
            "line": 59,
            "column": 47
          },
          "end": {
            "line": 80,
            "column": 1
          }
        },
        "line": 59
      }
    },
    "branchMap": {
      "0": {
        "loc": {
          "start": {
            "line": 69,
            "column": 2
          },
          "end": {
            "line": 79,
            "column": 3
          }
        },
        "type": "if",
        "locations": [
          {
            "start": {
              "line": 69,
              "column": 2
            },
            "end": {
              "line": 79,
              "column": 3
            }
          },
          {
            "start": {
              "line": 69,
              "column": 2
            },
            "end": {
              "line": 79,
              "column": 3
            }
          }
        ],
        "line": 69
      },
      "1": {
        "loc": {
          "start": {
            "line": 71,
            "column": 9
          },
          "end": {
            "line": 79,
            "column": 3
          }
        },
        "type": "if",
        "locations": [
          {
            "start": {
              "line": 71,
              "column": 9
            },
            "end": {
              "line": 79,
              "column": 3
            }
          },
          {
            "start": {
              "line": 71,
              "column": 9
            },
            "end": {
              "line": 79,
              "column": 3
            }
          }
        ],
        "line": 71
      },
      "2": {
        "loc": {
          "start": {
            "line": 73,
            "column": 9
          },
          "end": {
            "line": 79,
            "column": 3
          }
        },
        "type": "if",
        "locations": [
          {
            "start": {
              "line": 73,
              "column": 9
            },
            "end": {
              "line": 79,
              "column": 3
            }
          },
          {
            "start": {
              "line": 73,
              "column": 9
            },
            "end": {
              "line": 79,
              "column": 3
            }
          }
        ],
        "line": 73
      },
      "3": {
        "loc": {
          "start": {
            "line": 75,
            "column": 9
          },
          "end": {
            "line": 79,
            "column": 3
          }
        },
        "type": "if",
        "locations": [
          {
            "start": {
              "line": 75,
              "column": 9
            },
            "end": {
              "line": 79,
              "column": 3
            }
          },
          {
            "start": {
              "line": 75,
              "column": 9
            },
            "end": {
              "line": 79,
              "column": 3
            }
          }
        ],
        "line": 75
      }
    },
    "s": {
      "0": 51,
      "1": 51,
      "2": 3795,
      "3": 3795,
      "4": 157,
      "5": 157,
      "6": 157,
      "7": 157,
      "8": 157,
      "9": 0,
      "10": 157,
      "11": 0,
      "12": 157,
      "13": 157,
      "14": 0,
      "15": 0,
      "16": 0
    },
    "f": {
      "0": 3795,
      "1": 157,
      "2": 157
    },
    "b": {
      "0": [
        0,
        157
      ],
      "1": [
        0,
        157
      ],
      "2": [
        157,
        0
      ],
      "3": [
        0,
        0
      ]
    },
    "_coverageSchema": "1a1c01bbd47fc00a2c39e90264f33305004495a9",
    "hash": "a177385ddbb488d1f95aa3249de3ceb61a433ffa"
  },
  "/home/amwebexpert/git/perso/etoolbox/src/components/ApplicationBar/ApplicationBar.tsx": {
    "path": "/home/amwebexpert/git/perso/etoolbox/src/components/ApplicationBar/ApplicationBar.tsx",
    "statementMap": {
      "0": {
        "start": {
          "line": 17,
          "column": 18
        },
        "end": {
          "line": 47,
          "column": 3
        }
      },
      "1": {
        "start": {
          "line": 17,
          "column": 39
        },
        "end": {
          "line": 47,
          "column": 1
        }
      },
      "2": {
        "start": {
          "line": 54,
          "column": 40
        },
        "end": {
          "line": 97,
          "column": 1
        }
      },
      "3": {
        "start": {
          "line": 55,
          "column": 18
        },
        "end": {
          "line": 55,
          "column": 29
        }
      },
      "4": {
        "start": {
          "line": 56,
          "column": 21
        },
        "end": {
          "line": 56,
          "column": 39
        }
      },
      "5": {
        "start": {
          "line": 58,
          "column": 2
        },
        "end": {
          "line": 96,
          "column": 4
        }
      },
      "6": {
        "start": {
          "line": 69,
          "column": 27
        },
        "end": {
          "line": 69,
          "column": 40
        }
      }
    },
    "fnMap": {
      "0": {
        "name": "(anonymous_0)",
        "decl": {
          "start": {
            "line": 17,
            "column": 29
          },
          "end": {
            "line": 17,
            "column": 30
          }
        },
        "loc": {
          "start": {
            "line": 17,
            "column": 39
          },
          "end": {
            "line": 47,
            "column": 1
          }
        },
        "line": 17
      },
      "1": {
        "name": "(anonymous_1)",
        "decl": {
          "start": {
            "line": 54,
            "column": 40
          },
          "end": {
            "line": 54,
            "column": 41
          }
        },
        "loc": {
          "start": {
            "line": 54,
            "column": 63
          },
          "end": {
            "line": 97,
            "column": 1
          }
        },
        "line": 54
      },
      "2": {
        "name": "(anonymous_2)",
        "decl": {
          "start": {
            "line": 69,
            "column": 21
          },
          "end": {
            "line": 69,
            "column": 22
          }
        },
        "loc": {
          "start": {
            "line": 69,
            "column": 27
          },
          "end": {
            "line": 69,
            "column": 40
          }
        },
        "line": 69
      }
    },
    "branchMap": {
      "0": {
        "loc": {
          "start": {
            "line": 64,
            "column": 9
          },
          "end": {
            "line": 74,
            "column": 9
          }
        },
        "type": "binary-expr",
        "locations": [
          {
            "start": {
              "line": 64,
              "column": 9
            },
            "end": {
              "line": 64,
              "column": 14
            }
          },
          {
            "start": {
              "line": 65,
              "column": 10
            },
            "end": {
              "line": 73,
              "column": 23
            }
          }
        ],
        "line": 64
      }
    },
    "s": {
      "0": 51,
      "1": 51,
      "2": 51,
      "3": 157,
      "4": 157,
      "5": 157,
      "6": 0
    },
    "f": {
      "0": 51,
      "1": 157,
      "2": 0
    },
    "b": {
      "0": [
        157,
        56
      ]
    },
    "_coverageSchema": "1a1c01bbd47fc00a2c39e90264f33305004495a9",
    "hash": "660ade1b792333937e627a9d969bc59edb771bfe"
  },
  "/home/amwebexpert/git/perso/etoolbox/src/types/common-types.ts": {
    "path": "/home/amwebexpert/git/perso/etoolbox/src/types/common-types.ts",
    "statementMap": {
      "0": {
        "start": {
          "line": 2,
          "column": 21
        },
        "end": {
          "line": 2,
          "column": 29
        }
      }
    },
    "fnMap": {
      "0": {
        "name": "(anonymous_0)",
        "decl": {
          "start": {
            "line": 2,
            "column": 21
          },
          "end": {
            "line": 2,
            "column": 22
          }
        },
        "loc": {
          "start": {
            "line": 2,
            "column": 27
          },
          "end": {
            "line": 2,
            "column": 29
          }
        },
        "line": 2
      }
    },
    "branchMap": {},
    "s": {
      "0": 51
    },
    "f": {
      "0": 0
    },
    "b": {},
    "_coverageSchema": "1a1c01bbd47fc00a2c39e90264f33305004495a9",
    "hash": "fd7896638fe4d2697b49639018095eb075c5ccac"
  },
  "/home/amwebexpert/git/perso/etoolbox/src/components/ConfirmDialog/ConfirmDialog.tsx": {
    "path": "/home/amwebexpert/git/perso/etoolbox/src/components/ConfirmDialog/ConfirmDialog.tsx",
    "statementMap": {
      "0": {
        "start": {
          "line": 16,
          "column": 59
        },
        "end": {
          "line": 37,
          "column": 1
        }
      },
      "1": {
        "start": {
          "line": 17,
          "column": 2
        },
        "end": {
          "line": 36,
          "column": 4
        }
      },
      "2": {
        "start": {
          "line": 18,
          "column": 41
        },
        "end": {
          "line": 18,
          "column": 57
        }
      },
      "3": {
        "start": {
          "line": 22,
          "column": 46
        },
        "end": {
          "line": 22,
          "column": 62
        }
      },
      "4": {
        "start": {
          "line": 28,
          "column": 12
        },
        "end": {
          "line": 28,
          "column": 29
        }
      },
      "5": {
        "start": {
          "line": 29,
          "column": 12
        },
        "end": {
          "line": 29,
          "column": 24
        }
      }
    },
    "fnMap": {
      "0": {
        "name": "(anonymous_0)",
        "decl": {
          "start": {
            "line": 16,
            "column": 59
          },
          "end": {
            "line": 16,
            "column": 60
          }
        },
        "loc": {
          "start": {
            "line": 16,
            "column": 114
          },
          "end": {
            "line": 37,
            "column": 1
          }
        },
        "line": 16
      },
      "1": {
        "name": "(anonymous_1)",
        "decl": {
          "start": {
            "line": 18,
            "column": 35
          },
          "end": {
            "line": 18,
            "column": 36
          }
        },
        "loc": {
          "start": {
            "line": 18,
            "column": 41
          },
          "end": {
            "line": 18,
            "column": 57
          }
        },
        "line": 18
      },
      "2": {
        "name": "(anonymous_2)",
        "decl": {
          "start": {
            "line": 22,
            "column": 40
          },
          "end": {
            "line": 22,
            "column": 41
          }
        },
        "loc": {
          "start": {
            "line": 22,
            "column": 46
          },
          "end": {
            "line": 22,
            "column": 62
          }
        },
        "line": 22
      },
      "3": {
        "name": "(anonymous_3)",
        "decl": {
          "start": {
            "line": 27,
            "column": 19
          },
          "end": {
            "line": 27,
            "column": 20
          }
        },
        "loc": {
          "start": {
            "line": 27,
            "column": 25
          },
          "end": {
            "line": 30,
            "column": 11
          }
        },
        "line": 27
      }
    },
    "branchMap": {},
    "s": {
      "0": 51,
      "1": 0,
      "2": 0,
      "3": 0,
      "4": 0,
      "5": 0
    },
    "f": {
      "0": 0,
      "1": 0,
      "2": 0,
      "3": 0
    },
    "b": {},
    "_coverageSchema": "1a1c01bbd47fc00a2c39e90264f33305004495a9",
    "hash": "34425d17670d43a0be2668e3d07662d385e88598"
  },
  "/home/amwebexpert/git/perso/etoolbox/src/components/ConfirmDialog/ConfirmDialogProvider.tsx": {
    "path": "/home/amwebexpert/git/perso/etoolbox/src/components/ConfirmDialog/ConfirmDialogProvider.tsx",
    "statementMap": {
      "0": {
        "start": {
          "line": 14,
          "column": 75
        },
        "end": {
          "line": 41,
          "column": 1
        }
      },
      "1": {
        "start": {
          "line": 15,
          "column": 36
        },
        "end": {
          "line": 15,
          "column": 60
        }
      },
      "2": {
        "start": {
          "line": 16,
          "column": 40
        },
        "end": {
          "line": 16,
          "column": 67
        }
      },
      "3": {
        "start": {
          "line": 17,
          "column": 28
        },
        "end": {
          "line": 17,
          "column": 55
        }
      },
      "4": {
        "start": {
          "line": 18,
          "column": 23
        },
        "end": {
          "line": 18,
          "column": 46
        }
      },
      "5": {
        "start": {
          "line": 20,
          "column": 33
        },
        "end": {
          "line": 26,
          "column": 3
        }
      },
      "6": {
        "start": {
          "line": 21,
          "column": 4
        },
        "end": {
          "line": 21,
          "column": 20
        }
      },
      "7": {
        "start": {
          "line": 22,
          "column": 4
        },
        "end": {
          "line": 22,
          "column": 32
        }
      },
      "8": {
        "start": {
          "line": 23,
          "column": 4
        },
        "end": {
          "line": 23,
          "column": 37
        }
      },
      "9": {
        "start": {
          "line": 25,
          "column": 4
        },
        "end": {
          "line": 25,
          "column": 23
        }
      },
      "10": {
        "start": {
          "line": 28,
          "column": 2
        },
        "end": {
          "line": 40,
          "column": 4
        }
      },
      "11": {
        "start": {
          "line": 47,
          "column": 29
        },
        "end": {
          "line": 47,
          "column": 103
        }
      },
      "12": {
        "start": {
          "line": 49,
          "column": 39
        },
        "end": {
          "line": 49,
          "column": 77
        }
      },
      "13": {
        "start": {
          "line": 49,
          "column": 45
        },
        "end": {
          "line": 49,
          "column": 77
        }
      }
    },
    "fnMap": {
      "0": {
        "name": "(anonymous_0)",
        "decl": {
          "start": {
            "line": 14,
            "column": 75
          },
          "end": {
            "line": 14,
            "column": 76
          }
        },
        "loc": {
          "start": {
            "line": 14,
            "column": 93
          },
          "end": {
            "line": 41,
            "column": 1
          }
        },
        "line": 14
      },
      "1": {
        "name": "(anonymous_1)",
        "decl": {
          "start": {
            "line": 20,
            "column": 33
          },
          "end": {
            "line": 20,
            "column": 34
          }
        },
        "loc": {
          "start": {
            "line": 20,
            "column": 93
          },
          "end": {
            "line": 26,
            "column": 3
          }
        },
        "line": 20
      },
      "2": {
        "name": "(anonymous_2)",
        "decl": {
          "start": {
            "line": 49,
            "column": 39
          },
          "end": {
            "line": 49,
            "column": 40
          }
        },
        "loc": {
          "start": {
            "line": 49,
            "column": 45
          },
          "end": {
            "line": 49,
            "column": 77
          }
        },
        "line": 49
      }
    },
    "branchMap": {
      "0": {
        "loc": {
          "start": {
            "line": 33,
            "column": 9
          },
          "end": {
            "line": 37,
            "column": 9
          }
        },
        "type": "binary-expr",
        "locations": [
          {
            "start": {
              "line": 33,
              "column": 9
            },
            "end": {
              "line": 33,
              "column": 18
            }
          },
          {
            "start": {
              "line": 34,
              "column": 10
            },
            "end": {
              "line": 36,
              "column": 26
            }
          }
        ],
        "line": 33
      }
    },
    "s": {
      "0": 51,
      "1": 157,
      "2": 157,
      "3": 157,
      "4": 157,
      "5": 157,
      "6": 0,
      "7": 0,
      "8": 0,
      "9": 0,
      "10": 157,
      "11": 51,
      "12": 51,
      "13": 0
    },
    "f": {
      "0": 157,
      "1": 0,
      "2": 0
    },
    "b": {
      "0": [
        157,
        0
      ]
    },
    "_coverageSchema": "1a1c01bbd47fc00a2c39e90264f33305004495a9",
    "hash": "b1012329bb8162fab43ab8c07aca6b0e575df31c"
  },
  "/home/amwebexpert/git/perso/etoolbox/src/components/Home/services.ts": {
    "path": "/home/amwebexpert/git/perso/etoolbox/src/components/Home/services.ts",
    "statementMap": {
      "0": {
        "start": {
          "line": 1,
          "column": 27
        },
        "end": {
          "line": 32,
          "column": 1
        }
      }
    },
    "fnMap": {},
    "branchMap": {},
    "s": {
      "0": 51
    },
    "f": {},
    "b": {},
    "_coverageSchema": "1a1c01bbd47fc00a2c39e90264f33305004495a9",
    "hash": "c76a3ba5a84ce059e296095883754b0644627ac0"
  },
  "/home/amwebexpert/git/perso/etoolbox/src/components/Home/index.tsx": {
    "path": "/home/amwebexpert/git/perso/etoolbox/src/components/Home/index.tsx",
    "statementMap": {
      "0": {
        "start": {
          "line": 11,
          "column": 18
        },
        "end": {
          "line": 23,
          "column": 3
        }
      },
      "1": {
        "start": {
          "line": 11,
          "column": 39
        },
        "end": {
          "line": 23,
          "column": 1
        }
      },
      "2": {
        "start": {
          "line": 25,
          "column": 24
        },
        "end": {
          "line": 33,
          "column": 14
        }
      },
      "3": {
        "start": {
          "line": 25,
          "column": 45
        },
        "end": {
          "line": 33,
          "column": 1
        }
      },
      "4": {
        "start": {
          "line": 35,
          "column": 23
        },
        "end": {
          "line": 41,
          "column": 13
        }
      },
      "5": {
        "start": {
          "line": 35,
          "column": 44
        },
        "end": {
          "line": 41,
          "column": 1
        }
      },
      "6": {
        "start": {
          "line": 43,
          "column": 23
        },
        "end": {
          "line": 73,
          "column": 1
        }
      },
      "7": {
        "start": {
          "line": 44,
          "column": 18
        },
        "end": {
          "line": 44,
          "column": 29
        }
      },
      "8": {
        "start": {
          "line": 46,
          "column": 2
        },
        "end": {
          "line": 72,
          "column": 4
        }
      },
      "9": {
        "start": {
          "line": 63,
          "column": 14
        },
        "end": {
          "line": 66,
          "column": 31
        }
      }
    },
    "fnMap": {
      "0": {
        "name": "(anonymous_0)",
        "decl": {
          "start": {
            "line": 11,
            "column": 29
          },
          "end": {
            "line": 11,
            "column": 30
          }
        },
        "loc": {
          "start": {
            "line": 11,
            "column": 39
          },
          "end": {
            "line": 23,
            "column": 1
          }
        },
        "line": 11
      },
      "1": {
        "name": "(anonymous_1)",
        "decl": {
          "start": {
            "line": 25,
            "column": 35
          },
          "end": {
            "line": 25,
            "column": 36
          }
        },
        "loc": {
          "start": {
            "line": 25,
            "column": 45
          },
          "end": {
            "line": 33,
            "column": 1
          }
        },
        "line": 25
      },
      "2": {
        "name": "(anonymous_2)",
        "decl": {
          "start": {
            "line": 35,
            "column": 34
          },
          "end": {
            "line": 35,
            "column": 35
          }
        },
        "loc": {
          "start": {
            "line": 35,
            "column": 44
          },
          "end": {
            "line": 41,
            "column": 1
          }
        },
        "line": 35
      },
      "3": {
        "name": "(anonymous_3)",
        "decl": {
          "start": {
            "line": 43,
            "column": 23
          },
          "end": {
            "line": 43,
            "column": 24
          }
        },
        "loc": {
          "start": {
            "line": 43,
            "column": 29
          },
          "end": {
            "line": 73,
            "column": 1
          }
        },
        "line": 43
      },
      "4": {
        "name": "(anonymous_4)",
        "decl": {
          "start": {
            "line": 62,
            "column": 29
          },
          "end": {
            "line": 62,
            "column": 30
          }
        },
        "loc": {
          "start": {
            "line": 63,
            "column": 14
          },
          "end": {
            "line": 66,
            "column": 31
          }
        },
        "line": 63
      }
    },
    "branchMap": {},
    "s": {
      "0": 51,
      "1": 38,
      "2": 51,
      "3": 38,
      "4": 51,
      "5": 38,
      "6": 51,
      "7": 45,
      "8": 45,
      "9": 945
    },
    "f": {
      "0": 38,
      "1": 38,
      "2": 38,
      "3": 45,
      "4": 945
    },
    "b": {},
    "_coverageSchema": "1a1c01bbd47fc00a2c39e90264f33305004495a9",
    "hash": "ee0135feaf9d534caf65a35ad2a9c92723a89333"
  },
  "/home/amwebexpert/git/perso/etoolbox/src/components/NavbarButtonLink/NavbarButtonLink.tsx": {
    "path": "/home/amwebexpert/git/perso/etoolbox/src/components/NavbarButtonLink/NavbarButtonLink.tsx",
    "statementMap": {
      "0": {
        "start": {
          "line": 10,
          "column": 25
        },
        "end": {
          "line": 23,
          "column": 3
        }
      },
      "1": {
        "start": {
          "line": 10,
          "column": 46
        },
        "end": {
          "line": 23,
          "column": 1
        }
      },
      "2": {
        "start": {
          "line": 33,
          "column": 49
        },
        "end": {
          "line": 48,
          "column": 1
        }
      },
      "3": {
        "start": {
          "line": 34,
          "column": 18
        },
        "end": {
          "line": 34,
          "column": 29
        }
      },
      "4": {
        "start": {
          "line": 36,
          "column": 2
        },
        "end": {
          "line": 47,
          "column": 4
        }
      },
      "5": {
        "start": {
          "line": 41,
          "column": 36
        },
        "end": {
          "line": 41,
          "column": 100
        }
      }
    },
    "fnMap": {
      "0": {
        "name": "(anonymous_0)",
        "decl": {
          "start": {
            "line": 10,
            "column": 36
          },
          "end": {
            "line": 10,
            "column": 37
          }
        },
        "loc": {
          "start": {
            "line": 10,
            "column": 46
          },
          "end": {
            "line": 23,
            "column": 1
          }
        },
        "line": 10
      },
      "1": {
        "name": "(anonymous_1)",
        "decl": {
          "start": {
            "line": 33,
            "column": 49
          },
          "end": {
            "line": 33,
            "column": 50
          }
        },
        "loc": {
          "start": {
            "line": 33,
            "column": 91
          },
          "end": {
            "line": 48,
            "column": 1
          }
        },
        "line": 33
      },
      "2": {
        "name": "(anonymous_2)",
        "decl": {
          "start": {
            "line": 41,
            "column": 17
          },
          "end": {
            "line": 41,
            "column": 18
          }
        },
        "loc": {
          "start": {
            "line": 41,
            "column": 36
          },
          "end": {
            "line": 41,
            "column": 100
          }
        },
        "line": 41
      }
    },
    "branchMap": {
      "0": {
        "loc": {
          "start": {
            "line": 41,
            "column": 36
          },
          "end": {
            "line": 41,
            "column": 100
          }
        },
        "type": "cond-expr",
        "locations": [
          {
            "start": {
              "line": 41,
              "column": 47
            },
            "end": {
              "line": 41,
              "column": 85
            }
          },
          {
            "start": {
              "line": 41,
              "column": 88
            },
            "end": {
              "line": 41,
              "column": 100
            }
          }
        ],
        "line": 41
      }
    },
    "s": {
      "0": 51,
      "1": 51,
      "2": 51,
      "3": 2355,
      "4": 2355,
      "5": 2355
    },
    "f": {
      "0": 51,
      "1": 2355,
      "2": 2355
    },
    "b": {
      "0": [
        115,
        2240
      ]
    },
    "_coverageSchema": "1a1c01bbd47fc00a2c39e90264f33305004495a9",
    "hash": "3eb39de70e78a1190934767254104c578510854b"
  },
  "/home/amwebexpert/git/perso/etoolbox/src/components/FullCenteredContent/FullCenteredContent.tsx": {
    "path": "/home/amwebexpert/git/perso/etoolbox/src/components/FullCenteredContent/FullCenteredContent.tsx",
    "statementMap": {
      "0": {
        "start": {
          "line": 5,
          "column": 18
        },
        "end": {
          "line": 12,
          "column": 3
        }
      },
      "1": {
        "start": {
          "line": 5,
          "column": 36
        },
        "end": {
          "line": 12,
          "column": 1
        }
      },
      "2": {
        "start": {
          "line": 16,
          "column": 70
        },
        "end": {
          "line": 20,
          "column": 1
        }
      },
      "3": {
        "start": {
          "line": 17,
          "column": 18
        },
        "end": {
          "line": 17,
          "column": 29
        }
      },
      "4": {
        "start": {
          "line": 19,
          "column": 2
        },
        "end": {
          "line": 19,
          "column": 59
        }
      }
    },
    "fnMap": {
      "0": {
        "name": "(anonymous_0)",
        "decl": {
          "start": {
            "line": 5,
            "column": 29
          },
          "end": {
            "line": 5,
            "column": 30
          }
        },
        "loc": {
          "start": {
            "line": 5,
            "column": 36
          },
          "end": {
            "line": 12,
            "column": 1
          }
        },
        "line": 5
      },
      "1": {
        "name": "(anonymous_1)",
        "decl": {
          "start": {
            "line": 16,
            "column": 70
          },
          "end": {
            "line": 16,
            "column": 71
          }
        },
        "loc": {
          "start": {
            "line": 16,
            "column": 88
          },
          "end": {
            "line": 20,
            "column": 1
          }
        },
        "line": 16
      }
    },
    "branchMap": {},
    "s": {
      "0": 51,
      "1": 68,
      "2": 51,
      "3": 103,
      "4": 103
    },
    "f": {
      "0": 68,
      "1": 103
    },
    "b": {},
    "_coverageSchema": "1a1c01bbd47fc00a2c39e90264f33305004495a9",
    "hash": "c263e63e2bb73f33851cdce8874097de9b0855e1"
  },
  "/home/amwebexpert/git/perso/etoolbox/src/components/Spinner/LoadingContent.tsx": {
    "path": "/home/amwebexpert/git/perso/etoolbox/src/components/Spinner/LoadingContent.tsx",
    "statementMap": {
      "0": {
        "start": {
          "line": 9,
          "column": 18
        },
        "end": {
          "line": 15,
          "column": 3
        }
      },
      "1": {
        "start": {
          "line": 9,
          "column": 36
        },
        "end": {
          "line": 15,
          "column": 1
        }
      },
      "2": {
        "start": {
          "line": 21,
          "column": 47
        },
        "end": {
          "line": 34,
          "column": 1
        }
      },
      "3": {
        "start": {
          "line": 22,
          "column": 18
        },
        "end": {
          "line": 22,
          "column": 29
        }
      },
      "4": {
        "start": {
          "line": 24,
          "column": 2
        },
        "end": {
          "line": 33,
          "column": 4
        }
      }
    },
    "fnMap": {
      "0": {
        "name": "(anonymous_0)",
        "decl": {
          "start": {
            "line": 9,
            "column": 29
          },
          "end": {
            "line": 9,
            "column": 30
          }
        },
        "loc": {
          "start": {
            "line": 9,
            "column": 36
          },
          "end": {
            "line": 15,
            "column": 1
          }
        },
        "line": 9
      },
      "1": {
        "name": "(anonymous_1)",
        "decl": {
          "start": {
            "line": 21,
            "column": 47
          },
          "end": {
            "line": 21,
            "column": 48
          }
        },
        "loc": {
          "start": {
            "line": 21,
            "column": 75
          },
          "end": {
            "line": 34,
            "column": 1
          }
        },
        "line": 21
      }
    },
    "branchMap": {
      "0": {
        "loc": {
          "start": {
            "line": 21,
            "column": 50
          },
          "end": {
            "line": 21,
            "column": 68
          }
        },
        "type": "default-arg",
        "locations": [
          {
            "start": {
              "line": 21,
              "column": 58
            },
            "end": {
              "line": 21,
              "column": 68
            }
          }
        ],
        "line": 21
      }
    },
    "s": {
      "0": 51,
      "1": 68,
      "2": 51,
      "3": 103,
      "4": 103
    },
    "f": {
      "0": 68,
      "1": 103
    },
    "b": {
      "0": [
        103
      ]
    },
    "_coverageSchema": "1a1c01bbd47fc00a2c39e90264f33305004495a9",
    "hash": "8688ccb4a96637ac9e20efa061da538fa1094332"
  },
  "/home/amwebexpert/git/perso/etoolbox/src/components/Toaster/index.tsx": {
    "path": "/home/amwebexpert/git/perso/etoolbox/src/components/Toaster/index.tsx",
    "statementMap": {
      "0": {
        "start": {
          "line": 9,
          "column": 18
        },
        "end": {
          "line": 13,
          "column": 3
        }
      },
      "1": {
        "start": {
          "line": 9,
          "column": 36
        },
        "end": {
          "line": 13,
          "column": 1
        }
      },
      "2": {
        "start": {
          "line": 15,
          "column": 33
        },
        "end": {
          "line": 36,
          "column": 1
        }
      },
      "3": {
        "start": {
          "line": 16,
          "column": 18
        },
        "end": {
          "line": 16,
          "column": 29
        }
      },
      "4": {
        "start": {
          "line": 17,
          "column": 27
        },
        "end": {
          "line": 17,
          "column": 39
        }
      },
      "5": {
        "start": {
          "line": 18,
          "column": 30
        },
        "end": {
          "line": 18,
          "column": 48
        }
      },
      "6": {
        "start": {
          "line": 20,
          "column": 22
        },
        "end": {
          "line": 22,
          "column": 3
        }
      },
      "7": {
        "start": {
          "line": 21,
          "column": 4
        },
        "end": {
          "line": 21,
          "column": 54
        }
      },
      "8": {
        "start": {
          "line": 24,
          "column": 2
        },
        "end": {
          "line": 35,
          "column": 4
        }
      }
    },
    "fnMap": {
      "0": {
        "name": "(anonymous_0)",
        "decl": {
          "start": {
            "line": 9,
            "column": 29
          },
          "end": {
            "line": 9,
            "column": 30
          }
        },
        "loc": {
          "start": {
            "line": 9,
            "column": 36
          },
          "end": {
            "line": 13,
            "column": 1
          }
        },
        "line": 9
      },
      "1": {
        "name": "(anonymous_1)",
        "decl": {
          "start": {
            "line": 15,
            "column": 33
          },
          "end": {
            "line": 15,
            "column": 34
          }
        },
        "loc": {
          "start": {
            "line": 15,
            "column": 39
          },
          "end": {
            "line": 36,
            "column": 1
          }
        },
        "line": 15
      },
      "2": {
        "name": "(anonymous_2)",
        "decl": {
          "start": {
            "line": 20,
            "column": 22
          },
          "end": {
            "line": 20,
            "column": 23
          }
        },
        "loc": {
          "start": {
            "line": 20,
            "column": 28
          },
          "end": {
            "line": 22,
            "column": 3
          }
        },
        "line": 20
      }
    },
    "branchMap": {},
    "s": {
      "0": 51,
      "1": 51,
      "2": 51,
      "3": 157,
      "4": 157,
      "5": 157,
      "6": 157,
      "7": 0,
      "8": 157
    },
    "f": {
      "0": 51,
      "1": 157,
      "2": 0
    },
    "b": {},
    "_coverageSchema": "1a1c01bbd47fc00a2c39e90264f33305004495a9",
    "hash": "c710ff106122417f99c9468ee06321b66dfaba07"
  },
  "/home/amwebexpert/git/perso/etoolbox/src/components/Toaster/ToasterProvider.tsx": {
    "path": "/home/amwebexpert/git/perso/etoolbox/src/components/Toaster/ToasterProvider.tsx",
    "statementMap": {
      "0": {
        "start": {
          "line": 27,
          "column": 42
        },
        "end": {
          "line": 32,
          "column": 1
        }
      },
      "1": {
        "start": {
          "line": 37,
          "column": 23
        },
        "end": {
          "line": 37,
          "column": 101
        }
      },
      "2": {
        "start": {
          "line": 38,
          "column": 29
        },
        "end": {
          "line": 40,
          "column": 2
        }
      },
      "3": {
        "start": {
          "line": 43,
          "column": 2
        },
        "end": {
          "line": 43,
          "column": 42
        }
      },
      "4": {
        "start": {
          "line": 46,
          "column": 2
        },
        "end": {
          "line": 46,
          "column": 48
        }
      },
      "5": {
        "start": {
          "line": 51,
          "column": 56
        },
        "end": {
          "line": 74,
          "column": 1
        }
      },
      "6": {
        "start": {
          "line": 52,
          "column": 42
        },
        "end": {
          "line": 52,
          "column": 91
        }
      },
      "7": {
        "start": {
          "line": 54,
          "column": 2
        },
        "end": {
          "line": 54,
          "column": 32
        }
      },
      "8": {
        "start": {
          "line": 58,
          "column": 4
        },
        "end": {
          "line": 63,
          "column": 5
        }
      },
      "9": {
        "start": {
          "line": 59,
          "column": 18
        },
        "end": {
          "line": 59,
          "column": 56
        }
      },
      "10": {
        "start": {
          "line": 60,
          "column": 6
        },
        "end": {
          "line": 62,
          "column": 9
        }
      },
      "11": {
        "start": {
          "line": 61,
          "column": 8
        },
        "end": {
          "line": 61,
          "column": 38
        }
      },
      "12": {
        "start": {
          "line": 66,
          "column": 2
        },
        "end": {
          "line": 73,
          "column": 4
        }
      }
    },
    "fnMap": {
      "0": {
        "name": "(anonymous_0)",
        "decl": {
          "start": {
            "line": 39,
            "column": 19
          },
          "end": {
            "line": 39,
            "column": 20
          }
        },
        "loc": {
          "start": {
            "line": 39,
            "column": 25
          },
          "end": {
            "line": 39,
            "column": 27
          }
        },
        "line": 39
      },
      "1": {
        "name": "useToaster",
        "decl": {
          "start": {
            "line": 42,
            "column": 16
          },
          "end": {
            "line": 42,
            "column": 26
          }
        },
        "loc": {
          "start": {
            "line": 42,
            "column": 29
          },
          "end": {
            "line": 44,
            "column": 1
          }
        },
        "line": 42
      },
      "2": {
        "name": "useToasterUpdate",
        "decl": {
          "start": {
            "line": 45,
            "column": 16
          },
          "end": {
            "line": 45,
            "column": 32
          }
        },
        "loc": {
          "start": {
            "line": 45,
            "column": 35
          },
          "end": {
            "line": 47,
            "column": 1
          }
        },
        "line": 45
      },
      "3": {
        "name": "(anonymous_3)",
        "decl": {
          "start": {
            "line": 51,
            "column": 56
          },
          "end": {
            "line": 51,
            "column": 57
          }
        },
        "loc": {
          "start": {
            "line": 51,
            "column": 74
          },
          "end": {
            "line": 74,
            "column": 1
          }
        },
        "line": 51
      },
      "4": {
        "name": "setupIPC",
        "decl": {
          "start": {
            "line": 56,
            "column": 11
          },
          "end": {
            "line": 56,
            "column": 19
          }
        },
        "loc": {
          "start": {
            "line": 56,
            "column": 22
          },
          "end": {
            "line": 64,
            "column": 3
          }
        },
        "line": 56
      },
      "5": {
        "name": "(anonymous_5)",
        "decl": {
          "start": {
            "line": 60,
            "column": 36
          },
          "end": {
            "line": 60,
            "column": 37
          }
        },
        "loc": {
          "start": {
            "line": 60,
            "column": 85
          },
          "end": {
            "line": 62,
            "column": 7
          }
        },
        "line": 60
      }
    },
    "branchMap": {
      "0": {
        "loc": {
          "start": {
            "line": 58,
            "column": 4
          },
          "end": {
            "line": 63,
            "column": 5
          }
        },
        "type": "if",
        "locations": [
          {
            "start": {
              "line": 58,
              "column": 4
            },
            "end": {
              "line": 63,
              "column": 5
            }
          },
          {
            "start": {
              "line": 58,
              "column": 4
            },
            "end": {
              "line": 63,
              "column": 5
            }
          }
        ],
        "line": 58
      }
    },
    "s": {
      "0": 51,
      "1": 51,
      "2": 51,
      "3": 157,
      "4": 2892,
      "5": 51,
      "6": 157,
      "7": 157,
      "8": 51,
      "9": 0,
      "10": 0,
      "11": 0,
      "12": 157
    },
    "f": {
      "0": 0,
      "1": 157,
      "2": 2892,
      "3": 157,
      "4": 51,
      "5": 0
    },
    "b": {
      "0": [
        0,
        51
      ]
    },
    "_coverageSchema": "1a1c01bbd47fc00a2c39e90264f33305004495a9",
    "hash": "ffc60a58aa17ff9b13f9b36609827fe52c5d0a0a"
  },
  "/home/amwebexpert/git/perso/etoolbox/src/styles.ts": {
    "path": "/home/amwebexpert/git/perso/etoolbox/src/styles.ts",
    "statementMap": {
      "0": {
        "start": {
          "line": 5,
          "column": 25
        },
        "end": {
          "line": 55,
          "column": 3
        }
      },
      "1": {
        "start": {
          "line": 5,
          "column": 46
        },
        "end": {
          "line": 55,
          "column": 1
        }
      }
    },
    "fnMap": {
      "0": {
        "name": "(anonymous_0)",
        "decl": {
          "start": {
            "line": 5,
            "column": 36
          },
          "end": {
            "line": 5,
            "column": 37
          }
        },
        "loc": {
          "start": {
            "line": 5,
            "column": 46
          },
          "end": {
            "line": 55,
            "column": 1
          }
        },
        "line": 5
      }
    },
    "branchMap": {},
    "s": {
      "0": 51,
      "1": 51
    },
    "f": {
      "0": 51
    },
    "b": {},
    "_coverageSchema": "1a1c01bbd47fc00a2c39e90264f33305004495a9",
    "hash": "450814858007c5c9ae632d6ce14941f71a97f2e5"
  },
  "/home/amwebexpert/git/perso/etoolbox/src/App.tsx": {
    "path": "/home/amwebexpert/git/perso/etoolbox/src/App.tsx",
    "statementMap": {
      "0": {
        "start": {
          "line": 39,
          "column": 22
        },
        "end": {
          "line": 280,
          "column": 1
        }
      },
      "1": {
        "start": {
          "line": 40,
          "column": 15
        },
        "end": {
          "line": 40,
          "column": 75
        }
      },
      "2": {
        "start": {
          "line": 41,
          "column": 18
        },
        "end": {
          "line": 41,
          "column": 29
        }
      },
      "3": {
        "start": {
          "line": 42,
          "column": 17
        },
        "end": {
          "line": 42,
          "column": 35
        }
      },
      "4": {
        "start": {
          "line": 43,
          "column": 19
        },
        "end": {
          "line": 43,
          "column": 39
        }
      },
      "5": {
        "start": {
          "line": 44,
          "column": 19
        },
        "end": {
          "line": 44,
          "column": 32
        }
      },
      "6": {
        "start": {
          "line": 45,
          "column": 16
        },
        "end": {
          "line": 45,
          "column": 26
        }
      },
      "7": {
        "start": {
          "line": 46,
          "column": 26
        },
        "end": {
          "line": 46,
          "column": 48
        }
      },
      "8": {
        "start": {
          "line": 48,
          "column": 16
        },
        "end": {
          "line": 48,
          "column": 62
        }
      },
      "9": {
        "start": {
          "line": 48,
          "column": 27
        },
        "end": {
          "line": 48,
          "column": 61
        }
      },
      "10": {
        "start": {
          "line": 49,
          "column": 25
        },
        "end": {
          "line": 49,
          "column": 74
        }
      },
      "11": {
        "start": {
          "line": 49,
          "column": 36
        },
        "end": {
          "line": 49,
          "column": 73
        }
      },
      "12": {
        "start": {
          "line": 50,
          "column": 24
        },
        "end": {
          "line": 50,
          "column": 72
        }
      },
      "13": {
        "start": {
          "line": 50,
          "column": 35
        },
        "end": {
          "line": 50,
          "column": 71
        }
      },
      "14": {
        "start": {
          "line": 51,
          "column": 22
        },
        "end": {
          "line": 51,
          "column": 68
        }
      },
      "15": {
        "start": {
          "line": 51,
          "column": 33
        },
        "end": {
          "line": 51,
          "column": 67
        }
      },
      "16": {
        "start": {
          "line": 52,
          "column": 24
        },
        "end": {
          "line": 52,
          "column": 72
        }
      },
      "17": {
        "start": {
          "line": 52,
          "column": 35
        },
        "end": {
          "line": 52,
          "column": 71
        }
      },
      "18": {
        "start": {
          "line": 53,
          "column": 21
        },
        "end": {
          "line": 53,
          "column": 66
        }
      },
      "19": {
        "start": {
          "line": 53,
          "column": 32
        },
        "end": {
          "line": 53,
          "column": 65
        }
      },
      "20": {
        "start": {
          "line": 54,
          "column": 19
        },
        "end": {
          "line": 54,
          "column": 62
        }
      },
      "21": {
        "start": {
          "line": 54,
          "column": 30
        },
        "end": {
          "line": 54,
          "column": 61
        }
      },
      "22": {
        "start": {
          "line": 55,
          "column": 26
        },
        "end": {
          "line": 55,
          "column": 76
        }
      },
      "23": {
        "start": {
          "line": 55,
          "column": 37
        },
        "end": {
          "line": 55,
          "column": 75
        }
      },
      "24": {
        "start": {
          "line": 56,
          "column": 22
        },
        "end": {
          "line": 56,
          "column": 68
        }
      },
      "25": {
        "start": {
          "line": 56,
          "column": 33
        },
        "end": {
          "line": 56,
          "column": 67
        }
      },
      "26": {
        "start": {
          "line": 57,
          "column": 29
        },
        "end": {
          "line": 57,
          "column": 82
        }
      },
      "27": {
        "start": {
          "line": 57,
          "column": 40
        },
        "end": {
          "line": 57,
          "column": 81
        }
      },
      "28": {
        "start": {
          "line": 58,
          "column": 24
        },
        "end": {
          "line": 58,
          "column": 72
        }
      },
      "29": {
        "start": {
          "line": 58,
          "column": 35
        },
        "end": {
          "line": 58,
          "column": 71
        }
      },
      "30": {
        "start": {
          "line": 59,
          "column": 24
        },
        "end": {
          "line": 59,
          "column": 72
        }
      },
      "31": {
        "start": {
          "line": 59,
          "column": 35
        },
        "end": {
          "line": 59,
          "column": 71
        }
      },
      "32": {
        "start": {
          "line": 60,
          "column": 20
        },
        "end": {
          "line": 60,
          "column": 64
        }
      },
      "33": {
        "start": {
          "line": 60,
          "column": 31
        },
        "end": {
          "line": 60,
          "column": 63
        }
      },
      "34": {
        "start": {
          "line": 61,
          "column": 24
        },
        "end": {
          "line": 61,
          "column": 72
        }
      },
      "35": {
        "start": {
          "line": 61,
          "column": 35
        },
        "end": {
          "line": 61,
          "column": 71
        }
      },
      "36": {
        "start": {
          "line": 63,
          "column": 24
        },
        "end": {
          "line": 63,
          "column": 72
        }
      },
      "37": {
        "start": {
          "line": 63,
          "column": 35
        },
        "end": {
          "line": 63,
          "column": 71
        }
      },
      "38": {
        "start": {
          "line": 64,
          "column": 20
        },
        "end": {
          "line": 64,
          "column": 64
        }
      },
      "39": {
        "start": {
          "line": 64,
          "column": 31
        },
        "end": {
          "line": 64,
          "column": 63
        }
      },
      "40": {
        "start": {
          "line": 65,
          "column": 21
        },
        "end": {
          "line": 65,
          "column": 66
        }
      },
      "41": {
        "start": {
          "line": 65,
          "column": 32
        },
        "end": {
          "line": 65,
          "column": 65
        }
      },
      "42": {
        "start": {
          "line": 66,
          "column": 24
        },
        "end": {
          "line": 66,
          "column": 72
        }
      },
      "43": {
        "start": {
          "line": 66,
          "column": 35
        },
        "end": {
          "line": 66,
          "column": 71
        }
      },
      "44": {
        "start": {
          "line": 67,
          "column": 24
        },
        "end": {
          "line": 67,
          "column": 72
        }
      },
      "45": {
        "start": {
          "line": 67,
          "column": 35
        },
        "end": {
          "line": 67,
          "column": 71
        }
      },
      "46": {
        "start": {
          "line": 68,
          "column": 28
        },
        "end": {
          "line": 68,
          "column": 80
        }
      },
      "47": {
        "start": {
          "line": 68,
          "column": 39
        },
        "end": {
          "line": 68,
          "column": 79
        }
      },
      "48": {
        "start": {
          "line": 69,
          "column": 22
        },
        "end": {
          "line": 69,
          "column": 68
        }
      },
      "49": {
        "start": {
          "line": 69,
          "column": 33
        },
        "end": {
          "line": 69,
          "column": 67
        }
      },
      "50": {
        "start": {
          "line": 70,
          "column": 22
        },
        "end": {
          "line": 70,
          "column": 68
        }
      },
      "51": {
        "start": {
          "line": 70,
          "column": 33
        },
        "end": {
          "line": 70,
          "column": 67
        }
      },
      "52": {
        "start": {
          "line": 72,
          "column": 28
        },
        "end": {
          "line": 75,
          "column": 3
        }
      },
      "53": {
        "start": {
          "line": 76,
          "column": 27
        },
        "end": {
          "line": 80,
          "column": 3
        }
      },
      "54": {
        "start": {
          "line": 81,
          "column": 30
        },
        "end": {
          "line": 84,
          "column": 3
        }
      },
      "55": {
        "start": {
          "line": 85,
          "column": 30
        },
        "end": {
          "line": 88,
          "column": 3
        }
      },
      "56": {
        "start": {
          "line": 90,
          "column": 2
        },
        "end": {
          "line": 90,
          "column": 40
        }
      },
      "57": {
        "start": {
          "line": 94,
          "column": 4
        },
        "end": {
          "line": 98,
          "column": 5
        }
      },
      "58": {
        "start": {
          "line": 95,
          "column": 18
        },
        "end": {
          "line": 95,
          "column": 56
        }
      },
      "59": {
        "start": {
          "line": 96,
          "column": 6
        },
        "end": {
          "line": 96,
          "column": 37
        }
      },
      "60": {
        "start": {
          "line": 97,
          "column": 6
        },
        "end": {
          "line": 97,
          "column": 96
        }
      },
      "61": {
        "start": {
          "line": 97,
          "column": 80
        },
        "end": {
          "line": 97,
          "column": 94
        }
      },
      "62": {
        "start": {
          "line": 101,
          "column": 20
        },
        "end": {
          "line": 105,
          "column": 3
        }
      },
      "63": {
        "start": {
          "line": 102,
          "column": 4
        },
        "end": {
          "line": 104,
          "column": 5
        }
      },
      "64": {
        "start": {
          "line": 103,
          "column": 6
        },
        "end": {
          "line": 103,
          "column": 21
        }
      },
      "65": {
        "start": {
          "line": 107,
          "column": 2
        },
        "end": {
          "line": 279,
          "column": 4
        }
      },
      "66": {
        "start": {
          "line": 132,
          "column": 39
        },
        "end": {
          "line": 132,
          "column": 53
        }
      }
    },
    "fnMap": {
      "0": {
        "name": "(anonymous_0)",
        "decl": {
          "start": {
            "line": 39,
            "column": 22
          },
          "end": {
            "line": 39,
            "column": 23
          }
        },
        "loc": {
          "start": {
            "line": 39,
            "column": 28
          },
          "end": {
            "line": 280,
            "column": 1
          }
        },
        "line": 39
      },
      "1": {
        "name": "(anonymous_1)",
        "decl": {
          "start": {
            "line": 48,
            "column": 21
          },
          "end": {
            "line": 48,
            "column": 22
          }
        },
        "loc": {
          "start": {
            "line": 48,
            "column": 27
          },
          "end": {
            "line": 48,
            "column": 61
          }
        },
        "line": 48
      },
      "2": {
        "name": "(anonymous_2)",
        "decl": {
          "start": {
            "line": 49,
            "column": 30
          },
          "end": {
            "line": 49,
            "column": 31
          }
        },
        "loc": {
          "start": {
            "line": 49,
            "column": 36
          },
          "end": {
            "line": 49,
            "column": 73
          }
        },
        "line": 49
      },
      "3": {
        "name": "(anonymous_3)",
        "decl": {
          "start": {
            "line": 50,
            "column": 29
          },
          "end": {
            "line": 50,
            "column": 30
          }
        },
        "loc": {
          "start": {
            "line": 50,
            "column": 35
          },
          "end": {
            "line": 50,
            "column": 71
          }
        },
        "line": 50
      },
      "4": {
        "name": "(anonymous_4)",
        "decl": {
          "start": {
            "line": 51,
            "column": 27
          },
          "end": {
            "line": 51,
            "column": 28
          }
        },
        "loc": {
          "start": {
            "line": 51,
            "column": 33
          },
          "end": {
            "line": 51,
            "column": 67
          }
        },
        "line": 51
      },
      "5": {
        "name": "(anonymous_5)",
        "decl": {
          "start": {
            "line": 52,
            "column": 29
          },
          "end": {
            "line": 52,
            "column": 30
          }
        },
        "loc": {
          "start": {
            "line": 52,
            "column": 35
          },
          "end": {
            "line": 52,
            "column": 71
          }
        },
        "line": 52
      },
      "6": {
        "name": "(anonymous_6)",
        "decl": {
          "start": {
            "line": 53,
            "column": 26
          },
          "end": {
            "line": 53,
            "column": 27
          }
        },
        "loc": {
          "start": {
            "line": 53,
            "column": 32
          },
          "end": {
            "line": 53,
            "column": 65
          }
        },
        "line": 53
      },
      "7": {
        "name": "(anonymous_7)",
        "decl": {
          "start": {
            "line": 54,
            "column": 24
          },
          "end": {
            "line": 54,
            "column": 25
          }
        },
        "loc": {
          "start": {
            "line": 54,
            "column": 30
          },
          "end": {
            "line": 54,
            "column": 61
          }
        },
        "line": 54
      },
      "8": {
        "name": "(anonymous_8)",
        "decl": {
          "start": {
            "line": 55,
            "column": 31
          },
          "end": {
            "line": 55,
            "column": 32
          }
        },
        "loc": {
          "start": {
            "line": 55,
            "column": 37
          },
          "end": {
            "line": 55,
            "column": 75
          }
        },
        "line": 55
      },
      "9": {
        "name": "(anonymous_9)",
        "decl": {
          "start": {
            "line": 56,
            "column": 27
          },
          "end": {
            "line": 56,
            "column": 28
          }
        },
        "loc": {
          "start": {
            "line": 56,
            "column": 33
          },
          "end": {
            "line": 56,
            "column": 67
          }
        },
        "line": 56
      },
      "10": {
        "name": "(anonymous_10)",
        "decl": {
          "start": {
            "line": 57,
            "column": 34
          },
          "end": {
            "line": 57,
            "column": 35
          }
        },
        "loc": {
          "start": {
            "line": 57,
            "column": 40
          },
          "end": {
            "line": 57,
            "column": 81
          }
        },
        "line": 57
      },
      "11": {
        "name": "(anonymous_11)",
        "decl": {
          "start": {
            "line": 58,
            "column": 29
          },
          "end": {
            "line": 58,
            "column": 30
          }
        },
        "loc": {
          "start": {
            "line": 58,
            "column": 35
          },
          "end": {
            "line": 58,
            "column": 71
          }
        },
        "line": 58
      },
      "12": {
        "name": "(anonymous_12)",
        "decl": {
          "start": {
            "line": 59,
            "column": 29
          },
          "end": {
            "line": 59,
            "column": 30
          }
        },
        "loc": {
          "start": {
            "line": 59,
            "column": 35
          },
          "end": {
            "line": 59,
            "column": 71
          }
        },
        "line": 59
      },
      "13": {
        "name": "(anonymous_13)",
        "decl": {
          "start": {
            "line": 60,
            "column": 25
          },
          "end": {
            "line": 60,
            "column": 26
          }
        },
        "loc": {
          "start": {
            "line": 60,
            "column": 31
          },
          "end": {
            "line": 60,
            "column": 63
          }
        },
        "line": 60
      },
      "14": {
        "name": "(anonymous_14)",
        "decl": {
          "start": {
            "line": 61,
            "column": 29
          },
          "end": {
            "line": 61,
            "column": 30
          }
        },
        "loc": {
          "start": {
            "line": 61,
            "column": 35
          },
          "end": {
            "line": 61,
            "column": 71
          }
        },
        "line": 61
      },
      "15": {
        "name": "(anonymous_15)",
        "decl": {
          "start": {
            "line": 63,
            "column": 29
          },
          "end": {
            "line": 63,
            "column": 30
          }
        },
        "loc": {
          "start": {
            "line": 63,
            "column": 35
          },
          "end": {
            "line": 63,
            "column": 71
          }
        },
        "line": 63
      },
      "16": {
        "name": "(anonymous_16)",
        "decl": {
          "start": {
            "line": 64,
            "column": 25
          },
          "end": {
            "line": 64,
            "column": 26
          }
        },
        "loc": {
          "start": {
            "line": 64,
            "column": 31
          },
          "end": {
            "line": 64,
            "column": 63
          }
        },
        "line": 64
      },
      "17": {
        "name": "(anonymous_17)",
        "decl": {
          "start": {
            "line": 65,
            "column": 26
          },
          "end": {
            "line": 65,
            "column": 27
          }
        },
        "loc": {
          "start": {
            "line": 65,
            "column": 32
          },
          "end": {
            "line": 65,
            "column": 65
          }
        },
        "line": 65
      },
      "18": {
        "name": "(anonymous_18)",
        "decl": {
          "start": {
            "line": 66,
            "column": 29
          },
          "end": {
            "line": 66,
            "column": 30
          }
        },
        "loc": {
          "start": {
            "line": 66,
            "column": 35
          },
          "end": {
            "line": 66,
            "column": 71
          }
        },
        "line": 66
      },
      "19": {
        "name": "(anonymous_19)",
        "decl": {
          "start": {
            "line": 67,
            "column": 29
          },
          "end": {
            "line": 67,
            "column": 30
          }
        },
        "loc": {
          "start": {
            "line": 67,
            "column": 35
          },
          "end": {
            "line": 67,
            "column": 71
          }
        },
        "line": 67
      },
      "20": {
        "name": "(anonymous_20)",
        "decl": {
          "start": {
            "line": 68,
            "column": 33
          },
          "end": {
            "line": 68,
            "column": 34
          }
        },
        "loc": {
          "start": {
            "line": 68,
            "column": 39
          },
          "end": {
            "line": 68,
            "column": 79
          }
        },
        "line": 68
      },
      "21": {
        "name": "(anonymous_21)",
        "decl": {
          "start": {
            "line": 69,
            "column": 27
          },
          "end": {
            "line": 69,
            "column": 28
          }
        },
        "loc": {
          "start": {
            "line": 69,
            "column": 33
          },
          "end": {
            "line": 69,
            "column": 67
          }
        },
        "line": 69
      },
      "22": {
        "name": "(anonymous_22)",
        "decl": {
          "start": {
            "line": 70,
            "column": 27
          },
          "end": {
            "line": 70,
            "column": 28
          }
        },
        "loc": {
          "start": {
            "line": 70,
            "column": 33
          },
          "end": {
            "line": 70,
            "column": 67
          }
        },
        "line": 70
      },
      "23": {
        "name": "setupIPC",
        "decl": {
          "start": {
            "line": 92,
            "column": 11
          },
          "end": {
            "line": 92,
            "column": 19
          }
        },
        "loc": {
          "start": {
            "line": 92,
            "column": 22
          },
          "end": {
            "line": 99,
            "column": 3
          }
        },
        "line": 92
      },
      "24": {
        "name": "(anonymous_24)",
        "decl": {
          "start": {
            "line": 97,
            "column": 27
          },
          "end": {
            "line": 97,
            "column": 28
          }
        },
        "loc": {
          "start": {
            "line": 97,
            "column": 80
          },
          "end": {
            "line": 97,
            "column": 94
          }
        },
        "line": 97
      },
      "25": {
        "name": "(anonymous_25)",
        "decl": {
          "start": {
            "line": 101,
            "column": 20
          },
          "end": {
            "line": 101,
            "column": 21
          }
        },
        "loc": {
          "start": {
            "line": 101,
            "column": 26
          },
          "end": {
            "line": 105,
            "column": 3
          }
        },
        "line": 101
      },
      "26": {
        "name": "(anonymous_26)",
        "decl": {
          "start": {
            "line": 132,
            "column": 33
          },
          "end": {
            "line": 132,
            "column": 34
          }
        },
        "loc": {
          "start": {
            "line": 132,
            "column": 39
          },
          "end": {
            "line": 132,
            "column": 53
          }
        },
        "line": 132
      }
    },
    "branchMap": {
      "0": {
        "loc": {
          "start": {
            "line": 94,
            "column": 4
          },
          "end": {
            "line": 98,
            "column": 5
          }
        },
        "type": "if",
        "locations": [
          {
            "start": {
              "line": 94,
              "column": 4
            },
            "end": {
              "line": 98,
              "column": 5
            }
          },
          {
            "start": {
              "line": 94,
              "column": 4
            },
            "end": {
              "line": 98,
              "column": 5
            }
          }
        ],
        "line": 94
      },
      "1": {
        "loc": {
          "start": {
            "line": 102,
            "column": 4
          },
          "end": {
            "line": 104,
            "column": 5
          }
        },
        "type": "if",
        "locations": [
          {
            "start": {
              "line": 102,
              "column": 4
            },
            "end": {
              "line": 104,
              "column": 5
            }
          },
          {
            "start": {
              "line": 102,
              "column": 4
            },
            "end": {
              "line": 104,
              "column": 5
            }
          }
        ],
        "line": 102
      },
      "2": {
        "loc": {
          "start": {
            "line": 102,
            "column": 8
          },
          "end": {
            "line": 102,
            "column": 24
          }
        },
        "type": "binary-expr",
        "locations": [
          {
            "start": {
              "line": 102,
              "column": 8
            },
            "end": {
              "line": 102,
              "column": 12
            }
          },
          {
            "start": {
              "line": 102,
              "column": 16
            },
            "end": {
              "line": 102,
              "column": 24
            }
          }
        ],
        "line": 102
      },
      "3": {
        "loc": {
          "start": {
            "line": 133,
            "column": 15
          },
          "end": {
            "line": 133,
            "column": 85
          }
        },
        "type": "cond-expr",
        "locations": [
          {
            "start": {
              "line": 133,
              "column": 43
            },
            "end": {
              "line": 133,
              "column": 63
            }
          },
          {
            "start": {
              "line": 133,
              "column": 66
            },
            "end": {
              "line": 133,
              "column": 85
            }
          }
        ],
        "line": 133
      }
    },
    "s": {
      "0": 51,
      "1": 157,
      "2": 157,
      "3": 157,
      "4": 157,
      "5": 157,
      "6": 157,
      "7": 157,
      "8": 157,
      "9": 6,
      "10": 157,
      "11": 3,
      "12": 157,
      "13": 0,
      "14": 157,
      "15": 0,
      "16": 157,
      "17": 0,
      "18": 157,
      "19": 0,
      "20": 157,
      "21": 0,
      "22": 157,
      "23": 0,
      "24": 157,
      "25": 0,
      "26": 157,
      "27": 0,
      "28": 157,
      "29": 0,
      "30": 157,
      "31": 0,
      "32": 157,
      "33": 22,
      "34": 157,
      "35": 0,
      "36": 157,
      "37": 48,
      "38": 157,
      "39": 12,
      "40": 157,
      "41": 22,
      "42": 157,
      "43": 7,
      "44": 157,
      "45": 0,
      "46": 157,
      "47": 0,
      "48": 157,
      "49": 0,
      "50": 157,
      "51": 0,
      "52": 157,
      "53": 157,
      "54": 157,
      "55": 157,
      "56": 157,
      "57": 115,
      "58": 0,
      "59": 0,
      "60": 0,
      "61": 0,
      "62": 157,
      "63": 17,
      "64": 0,
      "65": 157,
      "66": 42
    },
    "f": {
      "0": 157,
      "1": 6,
      "2": 3,
      "3": 0,
      "4": 0,
      "5": 0,
      "6": 0,
      "7": 0,
      "8": 0,
      "9": 0,
      "10": 0,
      "11": 0,
      "12": 0,
      "13": 22,
      "14": 0,
      "15": 48,
      "16": 12,
      "17": 22,
      "18": 7,
      "19": 0,
      "20": 0,
      "21": 0,
      "22": 0,
      "23": 115,
      "24": 0,
      "25": 17,
      "26": 42
    },
    "b": {
      "0": [
        0,
        115
      ],
      "1": [
        0,
        17
      ],
      "2": [
        17,
        17
      ],
      "3": [
        0,
        157
      ]
    },
    "_coverageSchema": "1a1c01bbd47fc00a2c39e90264f33305004495a9",
    "hash": "54abf02062b35c8220322a29802f7d881fd6185b"
  },
  "/home/amwebexpert/git/perso/etoolbox/src/components/Preferences/PreferencesProvider.tsx": {
    "path": "/home/amwebexpert/git/perso/etoolbox/src/components/Preferences/PreferencesProvider.tsx",
    "statementMap": {
      "0": {
        "start": {
          "line": 3,
          "column": 29
        },
        "end": {
          "line": 3,
          "column": 72
        }
      },
      "1": {
        "start": {
          "line": 5,
          "column": 34
        },
        "end": {
          "line": 8,
          "column": 2
        }
      },
      "2": {
        "start": {
          "line": 12,
          "column": 65
        },
        "end": {
          "line": 23,
[...]
        },
        "end": {
          "line": 6,
          "column": 3
        }
      },
      "2": {
        "start": {
          "line": 5,
          "column": 4
        },
        "end": {
          "line": 5,
          "column": 21
        }
      },
      "3": {
        "start": {
          "line": 8,
          "column": 2
        },
        "end": {
          "line": 20,
          "column": 3
        }
      },
      "4": {
        "start": {
          "line": 9,
          "column": 16
        },
        "end": {
          "line": 9,
          "column": 30
        }
      },
      "5": {
        "start": {
          "line": 11,
          "column": 4
        },
        "end": {
          "line": 11,
          "column": 36
        }
      },
      "6": {
        "start": {
          "line": 12,
          "column": 4
        },
        "end": {
          "line": 12,
          "column": 44
        }
      },
      "7": {
        "start": {
          "line": 13,
          "column": 4
        },
        "end": {
          "line": 13,
          "column": 36
        }
      },
      "8": {
        "start": {
          "line": 14,
          "column": 4
        },
        "end": {
          "line": 14,
          "column": 40
        }
      },
      "9": {
        "start": {
          "line": 15,
          "column": 4
        },
        "end": {
          "line": 15,
          "column": 44
        }
      },
      "10": {
        "start": {
          "line": 16,
          "column": 4
        },
        "end": {
          "line": 16,
          "column": 61
        }
      },
      "11": {
        "start": {
          "line": 17,
          "column": 4
        },
        "end": {
          "line": 17,
          "column": 40
        }
      },
      "12": {
        "start": {
          "line": 22,
          "column": 2
        },
        "end": {
          "line": 22,
          "column": 19
        }
      },
      "13": {
        "start": {
          "line": 26,
          "column": 38
        },
        "end": {
          "line": 26,
          "column": 47
        }
      },
      "14": {
        "start": {
          "line": 28,
          "column": 2
        },
        "end": {
          "line": 30,
          "column": 3
        }
      },
      "15": {
        "start": {
          "line": 29,
          "column": 4
        },
        "end": {
          "line": 29,
          "column": 18
        }
      },
      "16": {
        "start": {
          "line": 32,
          "column": 2
        },
        "end": {
          "line": 38,
          "column": 3
        }
      },
      "17": {
        "start": {
          "line": 33,
          "column": 16
        },
        "end": {
          "line": 33,
          "column": 30
        }
      },
      "18": {
        "start": {
          "line": 34,
          "column": 42
        },
        "end": {
          "line": 34,
          "column": 58
        }
      },
      "19": {
        "start": {
          "line": 35,
          "column": 4
        },
        "end": {
          "line": 35,
          "column": 65
        }
      },
      "20": {
        "start": {
          "line": 35,
          "column": 41
        },
        "end": {
          "line": 35,
          "column": 63
        }
      },
      "21": {
        "start": {
          "line": 40,
          "column": 2
        },
        "end": {
          "line": 40,
          "column": 16
        }
      }
    },
    "fnMap": {
      "0": {
        "name": "parseUrl",
        "decl": {
          "start": {
            "line": 1,
            "column": 16
          },
          "end": {
            "line": 1,
            "column": 24
          }
        },
        "loc": {
          "start": {
            "line": 1,
            "column": 62
          },
          "end": {
            "line": 23,
            "column": 1
          }
        },
        "line": 1
      },
      "1": {
        "name": "parseUrlParams",
        "decl": {
          "start": {
            "line": 25,
            "column": 16
          },
          "end": {
            "line": 25,
            "column": 30
          }
        },
        "loc": {
          "start": {
            "line": 25,
            "column": 68
          },
          "end": {
            "line": 41,
            "column": 1
          }
        },
        "line": 25
      },
      "2": {
        "name": "(anonymous_2)",
        "decl": {
          "start": {
            "line": 35,
            "column": 25
          },
          "end": {
            "line": 35,
            "column": 26
          }
        },
        "loc": {
          "start": {
            "line": 35,
            "column": 41
          },
          "end": {
            "line": 35,
            "column": 63
          }
        },
        "line": 35
      }
    },
    "branchMap": {
      "0": {
        "loc": {
          "start": {
            "line": 4,
            "column": 2
          },
          "end": {
            "line": 6,
            "column": 3
          }
        },
        "type": "if",
        "locations": [
          {
            "start": {
              "line": 4,
              "column": 2
            },
            "end": {
              "line": 6,
              "column": 3
            }
          },
          {
            "start": {
              "line": 4,
              "column": 2
            },
            "end": {
              "line": 6,
              "column": 3
            }
          }
        ],
        "line": 4
      },
      "1": {
        "loc": {
          "start": {
            "line": 16,
            "column": 26
          },
          "end": {
            "line": 16,
            "column": 59
          }
        },
        "type": "cond-expr",
        "locations": [
          {
            "start": {
              "line": 16,
              "column": 37
            },
            "end": {
              "line": 16,
              "column": 45
            }
          },
          {
            "start": {
              "line": 16,
              "column": 48
            },
            "end": {
              "line": 16,
              "column": 59
            }
          }
        ],
        "line": 16
      },
      "2": {
        "loc": {
          "start": {
            "line": 28,
            "column": 2
          },
          "end": {
            "line": 30,
            "column": 3
          }
        },
        "type": "if",
        "locations": [
          {
            "start": {
              "line": 28,
              "column": 2
            },
            "end": {
              "line": 30,
              "column": 3
            }
          },
          {
            "start": {
              "line": 28,
              "column": 2
            },
            "end": {
              "line": 30,
              "column": 3
            }
          }
        ],
        "line": 28
      }
    },
    "s": {
      "0": 446,
      "1": 446,
      "2": 4,
      "3": 442,
      "4": 442,
      "5": 410,
      "6": 410,
      "7": 410,
      "8": 410,
      "9": 410,
      "10": 410,
      "11": 410,
      "12": 442,
      "13": 446,
      "14": 446,
      "15": 4,
      "16": 442,
      "17": 442,
      "18": 410,
      "19": 410,
      "20": 12,
      "21": 442
    },
    "f": {
      "0": 446,
      "1": 446,
      "2": 12
    },
    "b": {
      "0": [
        4,
        442
      ],
      "1": [
        0,
        410
      ],
      "2": [
        4,
        442
      ]
    },
    "_coverageSchema": "1a1c01bbd47fc00a2c39e90264f33305004495a9",
    "hash": "8ef84a766fdc227a59acd3b269034fdfbda79c56"
  },
  "/home/amwebexpert/git/perso/etoolbox/src/containers/URLParser/styles.ts": {
    "path": "/home/amwebexpert/git/perso/etoolbox/src/containers/URLParser/styles.ts",
    "statementMap": {
      "0": {
        "start": {
          "line": 4,
          "column": 31
        },
        "end": {
          "line": 10,
          "column": 14
        }
      },
      "1": {
        "start": {
          "line": 4,
          "column": 52
        },
        "end": {
          "line": 10,
          "column": 1
        }
      },
      "2": {
        "start": {
          "line": 12,
          "column": 30
        },
        "end": {
          "line": 18,
          "column": 13
        }
      },
      "3": {
        "start": {
          "line": 12,
          "column": 51
        },
        "end": {
          "line": 18,
          "column": 1
        }
      },
      "4": {
        "start": {
          "line": 20,
          "column": 25
        },
        "end": {
          "line": 27,
          "column": 3
        }
      },
      "5": {
        "start": {
          "line": 20,
          "column": 46
        },
        "end": {
          "line": 27,
          "column": 1
        }
      }
    },
    "fnMap": {
      "0": {
        "name": "(anonymous_0)",
        "decl": {
          "start": {
            "line": 4,
            "column": 42
          },
          "end": {
            "line": 4,
            "column": 43
          }
        },
        "loc": {
          "start": {
            "line": 4,
            "column": 52
          },
          "end": {
            "line": 10,
            "column": 1
          }
        },
        "line": 4
      },
      "1": {
        "name": "(anonymous_1)",
        "decl": {
          "start": {
            "line": 12,
            "column": 41
          },
          "end": {
            "line": 12,
            "column": 42
          }
        },
        "loc": {
          "start": {
            "line": 12,
            "column": 51
          },
          "end": {
            "line": 18,
            "column": 1
          }
        },
        "line": 12
      },
      "2": {
        "name": "(anonymous_2)",
        "decl": {
          "start": {
            "line": 20,
            "column": 36
          },
          "end": {
            "line": 20,
            "column": 37
          }
        },
        "loc": {
          "start": {
            "line": 20,
            "column": 46
          },
          "end": {
            "line": 27,
            "column": 1
          }
        },
        "line": 20
      }
    },
    "branchMap": {},
    "s": {
      "0": 6,
      "1": 6,
      "2": 6,
      "3": 10,
      "4": 6,
      "5": 6
    },
    "f": {
      "0": 6,
      "1": 10,
      "2": 6
    },
    "b": {},
    "_coverageSchema": "1a1c01bbd47fc00a2c39e90264f33305004495a9",
    "hash": "9661b4dbe80f2cd68143bdf3525bc820e2aea170"
  },
  "/home/amwebexpert/git/perso/etoolbox/src/containers/URLParser/index.tsx": {
    "path": "/home/amwebexpert/git/perso/etoolbox/src/containers/URLParser/index.tsx",
    "statementMap": {
      "0": {
        "start": {
          "line": 26,
          "column": 35
        },
        "end": {
          "line": 98,
          "column": 1
        }
      },
      "1": {
        "start": {
          "line": 27,
          "column": 16
        },
        "end": {
          "line": 27,
          "column": 28
        }
      },
      "2": {
        "start": {
          "line": 28,
          "column": 18
        },
        "end": {
          "line": 28,
          "column": 29
        }
      },
      "3": {
        "start": {
          "line": 29,
          "column": 17
        },
        "end": {
          "line": 29,
          "column": 35
        }
      },
      "4": {
        "start": {
          "line": 30,
          "column": 42
        },
        "end": {
          "line": 30,
          "column": 67
        }
      },
      "5": {
        "start": {
          "line": 31,
          "column": 36
        },
        "end": {
          "line": 31,
          "column": 61
        }
      },
      "6": {
        "start": {
          "line": 33,
          "column": 2
        },
        "end": {
          "line": 36,
          "column": 18
        }
      },
      "7": {
        "start": {
          "line": 34,
          "column": 4
        },
        "end": {
          "line": 34,
          "column": 50
        }
      },
      "8": {
        "start": {
          "line": 35,
          "column": 4
        },
        "end": {
          "line": 35,
          "column": 53
        }
      },
      "9": {
        "start": {
          "line": 38,
          "column": 2
        },
        "end": {
          "line": 97,
          "column": 4
        }
      },
      "10": {
        "start": {
          "line": 52,
          "column": 23
        },
        "end": {
          "line": 52,
          "column": 75
        }
      },
      "11": {
        "start": {
          "line": 65,
          "column": 14
        },
        "end": {
          "line": 70,
          "column": 31
        }
      },
      "12": {
        "start": {
          "line": 86,
          "column": 14
        },
        "end": {
          "line": 91,
          "column": 31
        }
      },
      "13": {
        "start": {
          "line": 101,
          "column": 2
        },
        "end": {
          "line": 103,
          "column": 4
        }
      },
      "14": {
        "start": {
          "line": 107,
          "column": 2
        },
        "end": {
          "line": 109,
          "column": 4
        }
      },
      "15": {
        "start": {
          "line": 108,
          "column": 53
        },
        "end": {
          "line": 108,
          "column": 89
        }
      }
    },
    "fnMap": {
      "0": {
        "name": "(anonymous_0)",
        "decl": {
          "start": {
            "line": 26,
            "column": 35
          },
          "end": {
            "line": 26,
            "column": 36
          }
        },
        "loc": {
          "start": {
            "line": 26,
            "column": 70
          },
          "end": {
            "line": 98,
            "column": 1
          }
        },
        "line": 26
      },
      "1": {
        "name": "(anonymous_1)",
        "decl": {
          "start": {
            "line": 33,
            "column": 18
          },
          "end": {
            "line": 33,
            "column": 19
          }
        },
        "loc": {
          "start": {
            "line": 33,
            "column": 24
          },
          "end": {
            "line": 36,
            "column": 3
          }
        },
        "line": 33
      },
      "2": {
        "name": "(anonymous_2)",
        "decl": {
          "start": {
            "line": 52,
            "column": 18
          },
          "end": {
            "line": 52,
            "column": 19
          }
        },
        "loc": {
          "start": {
            "line": 52,
            "column": 23
          },
          "end": {
            "line": 52,
            "column": 75
          }
        },
        "line": 52
      },
      "3": {
        "name": "(anonymous_3)",
        "decl": {
          "start": {
            "line": 64,
            "column": 49
          },
          "end": {
            "line": 64,
            "column": 50
          }
        },
        "loc": {
          "start": {
            "line": 65,
            "column": 14
          },
          "end": {
            "line": 70,
            "column": 31
          }
        },
        "line": 65
      },
      "4": {
        "name": "(anonymous_4)",
        "decl": {
          "start": {
            "line": 85,
            "column": 46
          },
          "end": {
            "line": 85,
            "column": 47
          }
        },
        "loc": {
          "start": {
            "line": 86,
            "column": 14
          },
          "end": {
            "line": 91,
            "column": 31
          }
        },
        "line": 86
      },
      "5": {
        "name": "mapStateToProps",
        "decl": {
          "start": {
            "line": 100,
            "column": 16
          },
          "end": {
            "line": 100,
            "column": 31
          }
        },
        "loc": {
          "start": {
            "line": 100,
            "column": 49
          },
          "end": {
            "line": 104,
            "column": 1
          }
        },
        "line": 100
      },
      "6": {
        "name": "mapDispatchToProps",
        "decl": {
          "start": {
            "line": 106,
            "column": 16
          },
          "end": {
            "line": 106,
            "column": 34
          }
        },
        "loc": {
          "start": {
            "line": 106,
            "column": 55
          },
          "end": {
            "line": 110,
            "column": 1
          }
        },
        "line": 106
      },
      "7": {
        "name": "(anonymous_7)",
        "decl": {
          "start": {
            "line": 108,
            "column": 20
          },
          "end": {
            "line": 108,
            "column": 21
          }
        },
        "loc": {
          "start": {
            "line": 108,
            "column": 53
          },
          "end": {
            "line": 108,
            "column": 89
          }
        },
        "line": 108
      }
    },
    "branchMap": {
      "0": {
        "loc": {
          "start": {
            "line": 46,
            "column": 17
          },
          "end": {
            "line": 46,
            "column": 32
          }
        },
        "type": "cond-expr",
        "locations": [
          {
            "start": {
              "line": 46,
              "column": 26
            },
            "end": {
              "line": 46,
              "column": 28
            }
          },
          {
            "start": {
              "line": 46,
              "column": 31
            },
            "end": {
              "line": 46,
              "column": 32
            }
          }
        ],
        "line": 46
      },
      "1": {
        "loc": {
          "start": {
            "line": 56,
            "column": 21
          },
          "end": {
            "line": 56,
            "column": 48
          }
        },
        "type": "cond-expr",
        "locations": [
          {
            "start": {
              "line": 56,
              "column": 30
            },
            "end": {
              "line": 56,
              "column": 38
            }
          },
          {
            "start": {
              "line": 56,
              "column": 41
            },
            "end": {
              "line": 56,
              "column": 48
            }
          }
        ],
        "line": 56
      },
      "2": {
        "loc": {
          "start": {
            "line": 77,
            "column": 21
          },
          "end": {
            "line": 77,
            "column": 48
          }
        },
        "type": "cond-expr",
        "locations": [
          {
            "start": {
              "line": 77,
              "column": 30
            },
            "end": {
              "line": 77,
              "column": 38
            }
          },
          {
            "start": {
              "line": 77,
              "column": 41
            },
            "end": {
              "line": 77,
              "column": 48
            }
          }
        ],
        "line": 77
      }
    },
    "s": {
      "0": 6,
      "1": 892,
      "2": 892,
      "3": 892,
      "4": 892,
      "5": 892,
      "6": 892,
      "7": 446,
      "8": 446,
      "9": 892,
      "10": 440,
      "11": 5698,
      "12": 20,
      "13": 446,
      "14": 6,
      "15": 440
    },
    "f": {
      "0": 892,
      "1": 446,
      "2": 440,
      "3": 5698,
      "4": 20,
      "5": 446,
      "6": 6,
      "7": 440
    },
    "b": {
      "0": [
        892,
        0
      ],
      "1": [
        892,
        0
      ],
      "2": [
        892,
        0
      ]
    },
    "_coverageSchema": "1a1c01bbd47fc00a2c39e90264f33305004495a9",
    "hash": "72a3155b357576e51d487ffeceaa4ba49521ac9d"
  }
}